<?xml version="1.0" encoding="UTF-8"?>
<testsuite xmlns:xsi="http://www.w3.org/2001/XMLSchema-instance" xsi:noNamespaceSchemaLocation="https://maven.apache.org/surefire/maven-surefire-plugin/xsd/surefire-test-report.xsd" version="3.0.2" name="it.polimi.Events.EventEffectsTest" time="0.019" tests="8" errors="0" skipped="0" failures="0">
  <properties>
[...]
</properties>
  <testcase name="sustenanceAppliesBuildingDiscounts" classname="it.polimi.Events.EventEffectsTest" time="0.001">
    <system-out><![CDATA[[Player YELLOW] Food: 0 -> 2 (+2) Reason: unspecified
[Player YELLOW] Food: 2 -> 1 (-1) Reason: unspecified
]]></system-out>
  </testcase>
  <testcase name="rockPaintingsRewardsOnlyPlayersMeetingThreshold" classname="it.polimi.Events.EventEffectsTest" time="0.003">
    <system-out><![CDATA[[Player ORANGE] Prestige: 0 -> 10 (+10) Reason: unspecified
]]></system-out>
  </testcase>
  <testcase name="huntingAppliesFoodAndPrestigePerHunter" classname="it.polimi.Events.EventEffectsTest" time="0.002">
    <system-out><![CDATA[[Player ORANGE] Food: 0 -> 4 (+4) Reason: unspecified
[Player ORANGE] Prestige: 0 -> 2 (+2) Reason: unspecified
[Player BLUE] Food: 0 -> 0 (+0) Reason: unspecified
[Player BLUE] Prestige: 0 -> 0 (+0) Reason: unspecified
]]></system-out>
  </testcase>
  <testcase name="sustenanceAppliesPrestigePenaltyForInsufficientFood" classname="it.polimi.Events.EventEffectsTest" time="0.001">
    <system-out><![CDATA[[Player BLUE] Food: 0 -> 0 (+0) Reason: unspecified
[Player BLUE] Food: 0 -> 0 (-0) Reason: unspecified
[Player BLUE] Prestige: 0 -> -3 (-3) Reason: unspecified
]]></system-out>
  </testcase>
  <testcase name="sustenanceConsumesFoodOrAppliesPenalty" classname="it.polimi.Events.EventEffectsTest" time="0.002">
    <system-out><![CDATA[[Player PURPLE] Food: 0 -> 4 (+4) Reason: unspecified
[Player YELLOW] Food: 0 -> 1 (+1) Reason: unspecified
[Player PURPLE] Food: 4 -> 3 (-1) Reason: unspecified
[Player YELLOW] Food: 1 -> 0 (-1) Reason: unspecified
]]></system-out>
  </testcase>
  <testcase name="shamanicRitualRewardsMaxAndMinStars" classname="it.polimi.Events.EventEffectsTest" time="0.002">
    <system-out><![CDATA[[Player ORANGE] Prestige: 0 -> 7 (+7) Reason: unspecified
[Player BLUE] Prestige: 0 -> -2 (-2) Reason: unspecified
]]></system-out>
  </testcase>
  <testcase name="sustenanceAppliesGathererDiscounts" classname="it.polimi.Events.EventEffectsTest" time="0.001">
    <system-out><![CDATA[[Player PURPLE] Food: 0 -> 1 (+1) Reason: unspecified
[Player PURPLE] Food: 1 -> 1 (-0) Reason: unspecified
]]></system-out>
  </testcase>
  <testcase name="eventGettersAndBaseBehaviorAreConsistent" classname="it.polimi.Events.EventEffectsTest" time="0.0"/>
</testsuite>